Pig Stack Trace
---------------
ERROR 2997: Encountered IOException. Exception 

java.io.IOException: Exception 
	at org.apache.pig.PigServer.getExamples(PigServer.java:1188)
	at org.apache.pig.tools.grunt.GruntParser.processIllustrate(GruntParser.java:739)
	at org.apache.pig.tools.pigscript.parser.PigScriptParser.Illustrate(PigScriptParser.java:626)
	at org.apache.pig.tools.pigscript.parser.PigScriptParser.parse(PigScriptParser.java:323)
	at org.apache.pig.tools.grunt.GruntParser.parseStopOnError(GruntParser.java:194)
	at org.apache.pig.tools.grunt.GruntParser.parseStopOnError(GruntParser.java:170)
	at org.apache.pig.tools.grunt.Grunt.run(Grunt.java:69)
	at org.apache.pig.Main.run(Main.java:538)
	at org.apache.pig.Main.main(Main.java:157)
	at sun.reflect.NativeMethodAccessorImpl.invoke0(Native Method)
	at sun.reflect.NativeMethodAccessorImpl.invoke(NativeMethodAccessorImpl.java:57)
	at sun.reflect.DelegatingMethodAccessorImpl.invoke(DelegatingMethodAccessorImpl.java:43)
	at java.lang.reflect.Method.invoke(Method.java:606)
	at org.apache.hadoop.util.RunJar.main(RunJar.java:208)
Caused by: java.lang.RuntimeException: Internal error creating job configuration.
	at org.apache.pig.pen.ExampleGenerator.getExamples(ExampleGenerator.java:160)
	at org.apache.pig.PigServer.getExamples(PigServer.java:1182)
	... 13 more
================================================================================
Pig Stack Trace
---------------
ERROR 2997: Encountered IOException. Exception 

java.io.IOException: Exception 
	at org.apache.pig.PigServer.getExamples(PigServer.java:1188)
	at org.apache.pig.tools.grunt.GruntParser.processIllustrate(GruntParser.java:739)
	at org.apache.pig.tools.pigscript.parser.PigScriptParser.Illustrate(PigScriptParser.java:626)
	at org.apache.pig.tools.pigscript.parser.PigScriptParser.parse(PigScriptParser.java:323)
	at org.apache.pig.tools.grunt.GruntParser.parseStopOnError(GruntParser.java:194)
	at org.apache.pig.tools.grunt.GruntParser.parseStopOnError(GruntParser.java:170)
	at org.apache.pig.tools.grunt.Grunt.run(Grunt.java:69)
	at org.apache.pig.Main.run(Main.java:538)
	at org.apache.pig.Main.main(Main.java:157)
	at sun.reflect.NativeMethodAccessorImpl.invoke0(Native Method)
	at sun.reflect.NativeMethodAccessorImpl.invoke(NativeMethodAccessorImpl.java:57)
	at sun.reflect.DelegatingMethodAccessorImpl.invoke(DelegatingMethodAccessorImpl.java:43)
	at java.lang.reflect.Method.invoke(Method.java:606)
	at org.apache.hadoop.util.RunJar.main(RunJar.java:208)
Caused by: java.lang.RuntimeException: Internal error creating job configuration.
	at org.apache.pig.pen.ExampleGenerator.getExamples(ExampleGenerator.java:160)
	at org.apache.pig.PigServer.getExamples(PigServer.java:1182)
	... 13 more
================================================================================
Pig Stack Trace
---------------
ERROR 1000: Error during parsing. 'illustrate' statement must be on an alias or on a script.

org.apache.pig.tools.pigscript.parser.ParseException: 'illustrate' statement must be on an alias or on a script.
	at org.apache.pig.tools.grunt.GruntParser.processIllustrate(GruntParser.java:737)
	at org.apache.pig.tools.pigscript.parser.PigScriptParser.Illustrate(PigScriptParser.java:626)
	at org.apache.pig.tools.pigscript.parser.PigScriptParser.parse(PigScriptParser.java:323)
	at org.apache.pig.tools.grunt.GruntParser.parseStopOnError(GruntParser.java:194)
	at org.apache.pig.tools.grunt.GruntParser.parseStopOnError(GruntParser.java:170)
	at org.apache.pig.tools.grunt.Grunt.run(Grunt.java:69)
	at org.apache.pig.Main.run(Main.java:538)
	at org.apache.pig.Main.main(Main.java:157)
	at sun.reflect.NativeMethodAccessorImpl.invoke0(Native Method)
	at sun.reflect.NativeMethodAccessorImpl.invoke(NativeMethodAccessorImpl.java:57)
	at sun.reflect.DelegatingMethodAccessorImpl.invoke(DelegatingMethodAccessorImpl.java:43)
	at java.lang.reflect.Method.invoke(Method.java:606)
	at org.apache.hadoop.util.RunJar.main(RunJar.java:208)
================================================================================
Pig Stack Trace
---------------
ERROR 2997: Encountered IOException. Exception 

java.io.IOException: Exception 
	at org.apache.pig.PigServer.getExamples(PigServer.java:1188)
	at org.apache.pig.tools.grunt.GruntParser.processIllustrate(GruntParser.java:739)
	at org.apache.pig.tools.pigscript.parser.PigScriptParser.Illustrate(PigScriptParser.java:626)
	at org.apache.pig.tools.pigscript.parser.PigScriptParser.parse(PigScriptParser.java:323)
	at org.apache.pig.tools.grunt.GruntParser.parseStopOnError(GruntParser.java:194)
	at org.apache.pig.tools.grunt.GruntParser.parseStopOnError(GruntParser.java:170)
	at org.apache.pig.tools.grunt.Grunt.run(Grunt.java:69)
	at org.apache.pig.Main.run(Main.java:538)
	at org.apache.pig.Main.main(Main.java:157)
	at sun.reflect.NativeMethodAccessorImpl.invoke0(Native Method)
	at sun.reflect.NativeMethodAccessorImpl.invoke(NativeMethodAccessorImpl.java:57)
	at sun.reflect.DelegatingMethodAccessorImpl.invoke(DelegatingMethodAccessorImpl.java:43)
	at java.lang.reflect.Method.invoke(Method.java:606)
	at org.apache.hadoop.util.RunJar.main(RunJar.java:208)
Caused by: java.lang.RuntimeException: Internal error creating job configuration.
	at org.apache.pig.pen.ExampleGenerator.getExamples(ExampleGenerator.java:160)
	at org.apache.pig.PigServer.getExamples(PigServer.java:1182)
	... 13 more
================================================================================
Backend error message during job submission
-------------------------------------------
java.lang.NullPointerException
	at org.apache.pig.backend.hadoop.executionengine.mapReduceLayer.PigOutputFormat.checkOutputSpecsHelper(PigOutputFormat.java:193)
	at org.apache.pig.backend.hadoop.executionengine.mapReduceLayer.PigOutputFormat.checkOutputSpecs(PigOutputFormat.java:187)
	at org.apache.hadoop.mapred.JobClient$2.run(JobClient.java:1015)
	at org.apache.hadoop.mapred.JobClient$2.run(JobClient.java:976)
	at java.security.AccessController.doPrivileged(Native Method)
	at javax.security.auth.Subject.doAs(Subject.java:415)
	at org.apache.hadoop.security.UserGroupInformation.doAs(UserGroupInformation.java:1438)
	at org.apache.hadoop.mapred.JobClient.submitJobInternal(JobClient.java:976)
	at org.apache.hadoop.mapreduce.Job.submit(Job.java:582)
	at org.apache.hadoop.mapreduce.lib.jobcontrol.ControlledJob.submit(ControlledJob.java:319)
	at org.apache.hadoop.mapreduce.lib.jobcontrol.JobControl.startReadyJobs(JobControl.java:239)
	at org.apache.hadoop.mapreduce.lib.jobcontrol.JobControl.run(JobControl.java:270)
	at org.apache.pig.backend.hadoop23.PigJobControl.run(PigJobControl.java:160)
	at java.lang.Thread.run(Thread.java:745)
	at org.apache.pig.backend.hadoop.executionengine.mapReduceLayer.MapReduceLauncher$1.run(MapReduceLauncher.java:257)

Pig Stack Trace
---------------
ERROR 1066: Unable to open iterator for alias B

org.apache.pig.impl.logicalLayer.FrontendException: ERROR 1066: Unable to open iterator for alias B
	at org.apache.pig.PigServer.openIterator(PigServer.java:838)
	at org.apache.pig.tools.grunt.GruntParser.processDump(GruntParser.java:696)
	at org.apache.pig.tools.pigscript.parser.PigScriptParser.parse(PigScriptParser.java:320)
	at org.apache.pig.tools.grunt.GruntParser.parseStopOnError(GruntParser.java:194)
	at org.apache.pig.tools.grunt.GruntParser.parseStopOnError(GruntParser.java:170)
	at org.apache.pig.tools.grunt.Grunt.run(Grunt.java:69)
	at org.apache.pig.Main.run(Main.java:538)
	at org.apache.pig.Main.main(Main.java:157)
	at sun.reflect.NativeMethodAccessorImpl.invoke0(Native Method)
	at sun.reflect.NativeMethodAccessorImpl.invoke(NativeMethodAccessorImpl.java:57)
	at sun.reflect.DelegatingMethodAccessorImpl.invoke(DelegatingMethodAccessorImpl.java:43)
	at java.lang.reflect.Method.invoke(Method.java:606)
	at org.apache.hadoop.util.RunJar.main(RunJar.java:208)
Caused by: java.io.IOException: Couldn't retrieve job.
	at org.apache.pig.PigServer.store(PigServer.java:902)
	at org.apache.pig.PigServer.openIterator(PigServer.java:813)
	... 12 more
================================================================================
Backend error message during job submission
-------------------------------------------
java.lang.NullPointerException
	at org.apache.pig.backend.hadoop.executionengine.mapReduceLayer.PigOutputFormat.checkOutputSpecsHelper(PigOutputFormat.java:193)
	at org.apache.pig.backend.hadoop.executionengine.mapReduceLayer.PigOutputFormat.checkOutputSpecs(PigOutputFormat.java:187)
	at org.apache.hadoop.mapred.JobClient$2.run(JobClient.java:1015)
	at org.apache.hadoop.mapred.JobClient$2.run(JobClient.java:976)
	at java.security.AccessController.doPrivileged(Native Method)
	at javax.security.auth.Subject.doAs(Subject.java:415)
	at org.apache.hadoop.security.UserGroupInformation.doAs(UserGroupInformation.java:1438)
	at org.apache.hadoop.mapred.JobClient.submitJobInternal(JobClient.java:976)
	at org.apache.hadoop.mapreduce.Job.submit(Job.java:582)
	at org.apache.hadoop.mapreduce.lib.jobcontrol.ControlledJob.submit(ControlledJob.java:319)
	at org.apache.hadoop.mapreduce.lib.jobcontrol.JobControl.startReadyJobs(JobControl.java:239)
	at org.apache.hadoop.mapreduce.lib.jobcontrol.JobControl.run(JobControl.java:270)
	at org.apache.pig.backend.hadoop23.PigJobControl.run(PigJobControl.java:160)
	at java.lang.Thread.run(Thread.java:745)
	at org.apache.pig.backend.hadoop.executionengine.mapReduceLayer.MapReduceLauncher$1.run(MapReduceLauncher.java:257)

Pig Stack Trace
---------------
ERROR 1066: Unable to open iterator for alias B

org.apache.pig.impl.logicalLayer.FrontendException: ERROR 1066: Unable to open iterator for alias B
	at org.apache.pig.PigServer.openIterator(PigServer.java:838)
	at org.apache.pig.tools.grunt.GruntParser.processDump(GruntParser.java:696)
	at org.apache.pig.tools.pigscript.parser.PigScriptParser.parse(PigScriptParser.java:320)
	at org.apache.pig.tools.grunt.GruntParser.parseStopOnError(GruntParser.java:194)
	at org.apache.pig.tools.grunt.GruntParser.parseStopOnError(GruntParser.java:170)
	at org.apache.pig.tools.grunt.Grunt.run(Grunt.java:69)
	at org.apache.pig.Main.run(Main.java:538)
	at org.apache.pig.Main.main(Main.java:157)
	at sun.reflect.NativeMethodAccessorImpl.invoke0(Native Method)
	at sun.reflect.NativeMethodAccessorImpl.invoke(NativeMethodAccessorImpl.java:57)
	at sun.reflect.DelegatingMethodAccessorImpl.invoke(DelegatingMethodAccessorImpl.java:43)
	at java.lang.reflect.Method.invoke(Method.java:606)
	at org.apache.hadoop.util.RunJar.main(RunJar.java:208)
Caused by: java.io.IOException: Couldn't retrieve job.
	at org.apache.pig.PigServer.store(PigServer.java:902)
	at org.apache.pig.PigServer.openIterator(PigServer.java:813)
	... 12 more
================================================================================
Pig Stack Trace
---------------
ERROR 1200: <line 5, column 25>  Syntax error, unexpected symbol at or near '='

Failed to parse: <line 5, column 25>  Syntax error, unexpected symbol at or near '='
	at org.apache.pig.parser.QueryParserDriver.parse(QueryParserDriver.java:235)
	at org.apache.pig.parser.QueryParserDriver.parse(QueryParserDriver.java:177)
	at org.apache.pig.PigServer$Graph.validateQuery(PigServer.java:1572)
	at org.apache.pig.PigServer$Graph.registerQuery(PigServer.java:1545)
	at org.apache.pig.PigServer.registerQuery(PigServer.java:518)
	at org.apache.pig.tools.grunt.GruntParser.processPig(GruntParser.java:991)
	at org.apache.pig.tools.pigscript.parser.PigScriptParser.parse(PigScriptParser.java:412)
	at org.apache.pig.tools.grunt.GruntParser.parseStopOnError(GruntParser.java:194)
	at org.apache.pig.tools.grunt.GruntParser.parseStopOnError(GruntParser.java:170)
	at org.apache.pig.tools.grunt.Grunt.run(Grunt.java:69)
	at org.apache.pig.Main.run(Main.java:538)
	at org.apache.pig.Main.main(Main.java:157)
	at sun.reflect.NativeMethodAccessorImpl.invoke0(Native Method)
	at sun.reflect.NativeMethodAccessorImpl.invoke(NativeMethodAccessorImpl.java:57)
	at sun.reflect.DelegatingMethodAccessorImpl.invoke(DelegatingMethodAccessorImpl.java:43)
	at java.lang.reflect.Method.invoke(Method.java:606)
	at org.apache.hadoop.util.RunJar.main(RunJar.java:208)
================================================================================
Backend error message during job submission
-------------------------------------------
java.lang.NullPointerException
	at org.apache.pig.backend.hadoop.executionengine.mapReduceLayer.PigOutputFormat.checkOutputSpecsHelper(PigOutputFormat.java:193)
	at org.apache.pig.backend.hadoop.executionengine.mapReduceLayer.PigOutputFormat.checkOutputSpecs(PigOutputFormat.java:187)
	at org.apache.hadoop.mapred.JobClient$2.run(JobClient.java:1015)
	at org.apache.hadoop.mapred.JobClient$2.run(JobClient.java:976)
	at java.security.AccessController.doPrivileged(Native Method)
	at javax.security.auth.Subject.doAs(Subject.java:415)
	at org.apache.hadoop.security.UserGroupInformation.doAs(UserGroupInformation.java:1438)
	at org.apache.hadoop.mapred.JobClient.submitJobInternal(JobClient.java:976)
	at org.apache.hadoop.mapreduce.Job.submit(Job.java:582)
	at org.apache.hadoop.mapreduce.lib.jobcontrol.ControlledJob.submit(ControlledJob.java:319)
	at org.apache.hadoop.mapreduce.lib.jobcontrol.JobControl.startReadyJobs(JobControl.java:239)
	at org.apache.hadoop.mapreduce.lib.jobcontrol.JobControl.run(JobControl.java:270)
	at org.apache.pig.backend.hadoop23.PigJobControl.run(PigJobControl.java:160)
	at java.lang.Thread.run(Thread.java:745)
	at org.apache.pig.backend.hadoop.executionengine.mapReduceLayer.MapReduceLauncher$1.run(MapReduceLauncher.java:257)

Pig Stack Trace
---------------
ERROR 1066: Unable to open iterator for alias B

org.apache.pig.impl.logicalLayer.FrontendException: ERROR 1066: Unable to open iterator for alias B
	at org.apache.pig.PigServer.openIterator(PigServer.java:838)
	at org.apache.pig.tools.grunt.GruntParser.processDump(GruntParser.java:696)
	at org.apache.pig.tools.pigscript.parser.PigScriptParser.parse(PigScriptParser.java:320)
	at org.apache.pig.tools.grunt.GruntParser.parseStopOnError(GruntParser.java:194)
	at org.apache.pig.tools.grunt.GruntParser.parseStopOnError(GruntParser.java:170)
	at org.apache.pig.tools.grunt.Grunt.run(Grunt.java:69)
	at org.apache.pig.Main.run(Main.java:538)
	at org.apache.pig.Main.main(Main.java:157)
	at sun.reflect.NativeMethodAccessorImpl.invoke0(Native Method)
	at sun.reflect.NativeMethodAccessorImpl.invoke(NativeMethodAccessorImpl.java:57)
	at sun.reflect.DelegatingMethodAccessorImpl.invoke(DelegatingMethodAccessorImpl.java:43)
	at java.lang.reflect.Method.invoke(Method.java:606)
	at org.apache.hadoop.util.RunJar.main(RunJar.java:208)
Caused by: java.io.IOException: Couldn't retrieve job.
	at org.apache.pig.PigServer.store(PigServer.java:902)
	at org.apache.pig.PigServer.openIterator(PigServer.java:813)
	... 12 more
================================================================================
Pig Stack Trace
---------------
ERROR 1003: Unable to find an operator for alias f1

org.apache.pig.impl.logicalLayer.FrontendException: ERROR 1003: Unable to find an operator for alias f1
	at org.apache.pig.PigServer$Graph.buildPlan(PigServer.java:1440)
	at org.apache.pig.PigServer.storeEx(PigServer.java:928)
	at org.apache.pig.PigServer.store(PigServer.java:900)
	at org.apache.pig.PigServer.openIterator(PigServer.java:813)
	at org.apache.pig.tools.grunt.GruntParser.processDump(GruntParser.java:696)
	at org.apache.pig.tools.pigscript.parser.PigScriptParser.parse(PigScriptParser.java:320)
	at org.apache.pig.tools.grunt.GruntParser.parseStopOnError(GruntParser.java:194)
	at org.apache.pig.tools.grunt.GruntParser.parseStopOnError(GruntParser.java:170)
	at org.apache.pig.tools.grunt.Grunt.run(Grunt.java:69)
	at org.apache.pig.Main.run(Main.java:538)
	at org.apache.pig.Main.main(Main.java:157)
	at sun.reflect.NativeMethodAccessorImpl.invoke0(Native Method)
	at sun.reflect.NativeMethodAccessorImpl.invoke(NativeMethodAccessorImpl.java:57)
	at sun.reflect.DelegatingMethodAccessorImpl.invoke(DelegatingMethodAccessorImpl.java:43)
	at java.lang.reflect.Method.invoke(Method.java:606)
	at org.apache.hadoop.util.RunJar.main(RunJar.java:208)
================================================================================
Pig Stack Trace
---------------
ERROR 1000: Error during parsing. Encountered " <PATH> "$f1 "" at line 1, column 6.
Was expecting:
    <IDENTIFIER> ...
    

org.apache.pig.tools.pigscript.parser.ParseException: Encountered " <PATH> "$f1 "" at line 1, column 6.
Was expecting:
    <IDENTIFIER> ...
    
	at org.apache.pig.tools.pigscript.parser.PigScriptParser.generateParseException(PigScriptParser.java:1180)
	at org.apache.pig.tools.pigscript.parser.PigScriptParser.jj_consume_token(PigScriptParser.java:1109)
	at org.apache.pig.tools.pigscript.parser.PigScriptParser.parse(PigScriptParser.java:319)
	at org.apache.pig.tools.grunt.GruntParser.parseStopOnError(GruntParser.java:194)
	at org.apache.pig.tools.grunt.GruntParser.parseStopOnError(GruntParser.java:170)
	at org.apache.pig.tools.grunt.Grunt.run(Grunt.java:69)
	at org.apache.pig.Main.run(Main.java:538)
	at org.apache.pig.Main.main(Main.java:157)
	at sun.reflect.NativeMethodAccessorImpl.invoke0(Native Method)
	at sun.reflect.NativeMethodAccessorImpl.invoke(NativeMethodAccessorImpl.java:57)
	at sun.reflect.DelegatingMethodAccessorImpl.invoke(DelegatingMethodAccessorImpl.java:43)
	at java.lang.reflect.Method.invoke(Method.java:606)
	at org.apache.hadoop.util.RunJar.main(RunJar.java:208)
================================================================================
Pig Stack Trace
---------------
ERROR 1000: Error during parsing. Encountered " <IDENTIFIER> "illustate "" at line 1, column 1.
Was expecting one of:
    <EOF> 
    "cat" ...
    "clear" ...
    "fs" ...
    "sh" ...
    "cd" ...
    "cp" ...
    "copyFromLocal" ...
    "copyToLocal" ...
    "dump" ...
    "describe" ...
    "aliases" ...
    "explain" ...
    "help" ...
    "history" ...
    "kill" ...
    "ls" ...
    "mv" ...
    "mkdir" ...
    "pwd" ...
    "quit" ...
    "register" ...
    "rm" ...
    "rmf" ...
    "set" ...
    "illustrate" ...
    "run" ...
    "exec" ...
    "scriptDone" ...
    "" ...
    "" ...
    <EOL> ...
    ";" ...
    

org.apache.pig.tools.pigscript.parser.ParseException: Encountered " <IDENTIFIER> "illustate "" at line 1, column 1.
Was expecting one of:
    <EOF> 
    "cat" ...
    "clear" ...
    "fs" ...
    "sh" ...
    "cd" ...
    "cp" ...
    "copyFromLocal" ...
    "copyToLocal" ...
    "dump" ...
    "describe" ...
    "aliases" ...
    "explain" ...
    "help" ...
    "history" ...
    "kill" ...
    "ls" ...
    "mv" ...
    "mkdir" ...
    "pwd" ...
    "quit" ...
    "register" ...
    "rm" ...
    "rmf" ...
    "set" ...
    "illustrate" ...
    "run" ...
    "exec" ...
    "scriptDone" ...
    "" ...
    "" ...
    <EOL> ...
    ";" ...
    
	at org.apache.pig.tools.pigscript.parser.PigScriptParser.generateParseException(PigScriptParser.java:1180)
	at org.apache.pig.tools.pigscript.parser.PigScriptParser.handle_invalid_command(PigScriptParser.java:996)
	at org.apache.pig.tools.pigscript.parser.PigScriptParser.parse(PigScriptParser.java:557)
	at org.apache.pig.tools.grunt.GruntParser.parseStopOnError(GruntParser.java:194)
	at org.apache.pig.tools.grunt.GruntParser.parseStopOnError(GruntParser.java:170)
	at org.apache.pig.tools.grunt.Grunt.run(Grunt.java:69)
	at org.apache.pig.Main.run(Main.java:538)
	at org.apache.pig.Main.main(Main.java:157)
	at sun.reflect.NativeMethodAccessorImpl.invoke0(Native Method)
	at sun.reflect.NativeMethodAccessorImpl.invoke(NativeMethodAccessorImpl.java:57)
	at sun.reflect.DelegatingMethodAccessorImpl.invoke(DelegatingMethodAccessorImpl.java:43)
	at java.lang.reflect.Method.invoke(Method.java:606)
	at org.apache.hadoop.util.RunJar.main(RunJar.java:208)
================================================================================
Pig Stack Trace
---------------
ERROR 2997: Encountered IOException. Exception 

java.io.IOException: Exception 
	at org.apache.pig.PigServer.getExamples(PigServer.java:1188)
	at org.apache.pig.tools.grunt.GruntParser.processIllustrate(GruntParser.java:739)
	at org.apache.pig.tools.pigscript.parser.PigScriptParser.Illustrate(PigScriptParser.java:626)
	at org.apache.pig.tools.pigscript.parser.PigScriptParser.parse(PigScriptParser.java:323)
	at org.apache.pig.tools.grunt.GruntParser.parseStopOnError(GruntParser.java:194)
	at org.apache.pig.tools.grunt.GruntParser.parseStopOnError(GruntParser.java:170)
	at org.apache.pig.tools.grunt.Grunt.run(Grunt.java:69)
	at org.apache.pig.Main.run(Main.java:538)
	at org.apache.pig.Main.main(Main.java:157)
	at sun.reflect.NativeMethodAccessorImpl.invoke0(Native Method)
	at sun.reflect.NativeMethodAccessorImpl.invoke(NativeMethodAccessorImpl.java:57)
	at sun.reflect.DelegatingMethodAccessorImpl.invoke(DelegatingMethodAccessorImpl.java:43)
	at java.lang.reflect.Method.invoke(Method.java:606)
	at org.apache.hadoop.util.RunJar.main(RunJar.java:208)
Caused by: java.lang.RuntimeException: Internal error creating job configuration.
	at org.apache.pig.pen.ExampleGenerator.getExamples(ExampleGenerator.java:160)
	at org.apache.pig.PigServer.getExamples(PigServer.java:1182)
	... 13 more
================================================================================
Backend error message during job submission
-------------------------------------------
java.lang.NullPointerException
	at org.apache.pig.backend.hadoop.executionengine.mapReduceLayer.PigOutputFormat.checkOutputSpecsHelper(PigOutputFormat.java:193)
	at org.apache.pig.backend.hadoop.executionengine.mapReduceLayer.PigOutputFormat.checkOutputSpecs(PigOutputFormat.java:187)
	at org.apache.hadoop.mapred.JobClient$2.run(JobClient.java:1015)
	at org.apache.hadoop.mapred.JobClient$2.run(JobClient.java:976)
	at java.security.AccessController.doPrivileged(Native Method)
	at javax.security.auth.Subject.doAs(Subject.java:415)
	at org.apache.hadoop.security.UserGroupInformation.doAs(UserGroupInformation.java:1438)
	at org.apache.hadoop.mapred.JobClient.submitJobInternal(JobClient.java:976)
	at org.apache.hadoop.mapreduce.Job.submit(Job.java:582)
	at org.apache.hadoop.mapreduce.lib.jobcontrol.ControlledJob.submit(ControlledJob.java:319)
	at org.apache.hadoop.mapreduce.lib.jobcontrol.JobControl.startReadyJobs(JobControl.java:239)
	at org.apache.hadoop.mapreduce.lib.jobcontrol.JobControl.run(JobControl.java:270)
	at org.apache.pig.backend.hadoop23.PigJobControl.run(PigJobControl.java:160)
	at java.lang.Thread.run(Thread.java:745)
	at org.apache.pig.backend.hadoop.executionengine.mapReduceLayer.MapReduceLauncher$1.run(MapReduceLauncher.java:257)

Pig Stack Trace
---------------
ERROR 1066: Unable to open iterator for alias A

org.apache.pig.impl.logicalLayer.FrontendException: ERROR 1066: Unable to open iterator for alias A
	at org.apache.pig.PigServer.openIterator(PigServer.java:838)
	at org.apache.pig.tools.grunt.GruntParser.processDump(GruntParser.java:696)
	at org.apache.pig.tools.pigscript.parser.PigScriptParser.parse(PigScriptParser.java:320)
	at org.apache.pig.tools.grunt.GruntParser.parseStopOnError(GruntParser.java:194)
	at org.apache.pig.tools.grunt.GruntParser.parseStopOnError(GruntParser.java:170)
	at org.apache.pig.tools.grunt.Grunt.run(Grunt.java:69)
	at org.apache.pig.Main.run(Main.java:538)
	at org.apache.pig.Main.main(Main.java:157)
	at sun.reflect.NativeMethodAccessorImpl.invoke0(Native Method)
	at sun.reflect.NativeMethodAccessorImpl.invoke(NativeMethodAccessorImpl.java:57)
	at sun.reflect.DelegatingMethodAccessorImpl.invoke(DelegatingMethodAccessorImpl.java:43)
	at java.lang.reflect.Method.invoke(Method.java:606)
	at org.apache.hadoop.util.RunJar.main(RunJar.java:208)
Caused by: java.io.IOException: Couldn't retrieve job.
	at org.apache.pig.PigServer.store(PigServer.java:902)
	at org.apache.pig.PigServer.openIterator(PigServer.java:813)
	... 12 more
================================================================================
Backend error message during job submission
-------------------------------------------
java.lang.NullPointerException
	at org.apache.pig.backend.hadoop.executionengine.mapReduceLayer.PigOutputFormat.checkOutputSpecsHelper(PigOutputFormat.java:193)
	at org.apache.pig.backend.hadoop.executionengine.mapReduceLayer.PigOutputFormat.checkOutputSpecs(PigOutputFormat.java:187)
	at org.apache.hadoop.mapred.JobClient$2.run(JobClient.java:1015)
	at org.apache.hadoop.mapred.JobClient$2.run(JobClient.java:976)
	at java.security.AccessController.doPrivileged(Native Method)
	at javax.security.auth.Subject.doAs(Subject.java:415)
	at org.apache.hadoop.security.UserGroupInformation.doAs(UserGroupInformation.java:1438)
	at org.apache.hadoop.mapred.JobClient.submitJobInternal(JobClient.java:976)
	at org.apache.hadoop.mapreduce.Job.submit(Job.java:582)
	at org.apache.hadoop.mapreduce.lib.jobcontrol.ControlledJob.submit(ControlledJob.java:319)
	at org.apache.hadoop.mapreduce.lib.jobcontrol.JobControl.startReadyJobs(JobControl.java:239)
	at org.apache.hadoop.mapreduce.lib.jobcontrol.JobControl.run(JobControl.java:270)
	at org.apache.pig.backend.hadoop23.PigJobControl.run(PigJobControl.java:160)
	at java.lang.Thread.run(Thread.java:745)
	at org.apache.pig.backend.hadoop.executionengine.mapReduceLayer.MapReduceLauncher$1.run(MapReduceLauncher.java:257)

Pig Stack Trace
---------------
ERROR 1066: Unable to open iterator for alias A

org.apache.pig.impl.logicalLayer.FrontendException: ERROR 1066: Unable to open iterator for alias A
	at org.apache.pig.PigServer.openIterator(PigServer.java:838)
	at org.apache.pig.tools.grunt.GruntParser.processDump(GruntParser.java:696)
	at org.apache.pig.tools.pigscript.parser.PigScriptParser.parse(PigScriptParser.java:320)
	at org.apache.pig.tools.grunt.GruntParser.parseStopOnError(GruntParser.java:194)
	at org.apache.pig.tools.grunt.GruntParser.parseStopOnError(GruntParser.java:170)
	at org.apache.pig.tools.grunt.Grunt.run(Grunt.java:69)
	at org.apache.pig.Main.run(Main.java:538)
	at org.apache.pig.Main.main(Main.java:157)
	at sun.reflect.NativeMethodAccessorImpl.invoke0(Native Method)
	at sun.reflect.NativeMethodAccessorImpl.invoke(NativeMethodAccessorImpl.java:57)
	at sun.reflect.DelegatingMethodAccessorImpl.invoke(DelegatingMethodAccessorImpl.java:43)
	at java.lang.reflect.Method.invoke(Method.java:606)
	at org.apache.hadoop.util.RunJar.main(RunJar.java:208)
Caused by: java.io.IOException: Couldn't retrieve job.
	at org.apache.pig.PigServer.store(PigServer.java:902)
	at org.apache.pig.PigServer.openIterator(PigServer.java:813)
	... 12 more
================================================================================
