Pig Stack Trace
---------------
ERROR 1000: Error during parsing. Encountered " <PATH> "A=load "" at line 1, column 1.
Was expecting one of:
    <EOF> 
    "cat" ...
    "clear" ...
    "fs" ...
    "sh" ...
    "cd" ...
    "cp" ...
    "copyFromLocal" ...
    "copyToLocal" ...
    "dump" ...
    "describe" ...
    "aliases" ...
    "explain" ...
    "help" ...
    "history" ...
    "kill" ...
    "ls" ...
    "mv" ...
    "mkdir" ...
    "pwd" ...
    "quit" ...
    "register" ...
    "rm" ...
    "rmf" ...
    "set" ...
    "illustrate" ...
    "run" ...
    "exec" ...
    "scriptDone" ...
    "" ...
    "" ...
    <EOL> ...
    ";" ...
    

org.apache.pig.tools.pigscript.parser.ParseException: Encountered " <PATH> "A=load "" at line 1, column 1.
Was expecting one of:
    <EOF> 
    "cat" ...
    "clear" ...
    "fs" ...
    "sh" ...
    "cd" ...
    "cp" ...
    "copyFromLocal" ...
    "copyToLocal" ...
    "dump" ...
    "describe" ...
    "aliases" ...
    "explain" ...
    "help" ...
    "history" ...
    "kill" ...
    "ls" ...
    "mv" ...
    "mkdir" ...
    "pwd" ...
    "quit" ...
    "register" ...
    "rm" ...
    "rmf" ...
    "set" ...
    "illustrate" ...
    "run" ...
    "exec" ...
    "scriptDone" ...
    "" ...
    "" ...
    <EOL> ...
    ";" ...
    
	at org.apache.pig.tools.pigscript.parser.PigScriptParser.generateParseException(PigScriptParser.java:1180)
	at org.apache.pig.tools.pigscript.parser.PigScriptParser.handle_invalid_command(PigScriptParser.java:996)
	at org.apache.pig.tools.pigscript.parser.PigScriptParser.parse(PigScriptParser.java:557)
	at org.apache.pig.tools.grunt.GruntParser.parseStopOnError(GruntParser.java:194)
	at org.apache.pig.tools.grunt.GruntParser.parseStopOnError(GruntParser.java:170)
	at org.apache.pig.tools.grunt.Grunt.run(Grunt.java:69)
	at org.apache.pig.Main.run(Main.java:538)
	at org.apache.pig.Main.main(Main.java:157)
	at sun.reflect.NativeMethodAccessorImpl.invoke0(Native Method)
	at sun.reflect.NativeMethodAccessorImpl.invoke(NativeMethodAccessorImpl.java:57)
	at sun.reflect.DelegatingMethodAccessorImpl.invoke(DelegatingMethodAccessorImpl.java:43)
	at java.lang.reflect.Method.invoke(Method.java:606)
	at org.apache.hadoop.util.RunJar.main(RunJar.java:208)
================================================================================
Pig Stack Trace
---------------
ERROR 1000: Error during parsing. Encountered " <PATH> "A=load "" at line 1, column 1.
Was expecting one of:
    <EOF> 
    "cat" ...
    "clear" ...
    "fs" ...
    "sh" ...
    "cd" ...
    "cp" ...
    "copyFromLocal" ...
    "copyToLocal" ...
    "dump" ...
    "describe" ...
    "aliases" ...
    "explain" ...
    "help" ...
    "history" ...
    "kill" ...
    "ls" ...
    "mv" ...
    "mkdir" ...
    "pwd" ...
    "quit" ...
    "register" ...
    "rm" ...
    "rmf" ...
    "set" ...
    "illustrate" ...
    "run" ...
    "exec" ...
    "scriptDone" ...
    "" ...
    "" ...
    <EOL> ...
    ";" ...
    

org.apache.pig.tools.pigscript.parser.ParseException: Encountered " <PATH> "A=load "" at line 1, column 1.
Was expecting one of:
    <EOF> 
    "cat" ...
    "clear" ...
    "fs" ...
    "sh" ...
    "cd" ...
    "cp" ...
    "copyFromLocal" ...
    "copyToLocal" ...
    "dump" ...
    "describe" ...
    "aliases" ...
    "explain" ...
    "help" ...
    "history" ...
    "kill" ...
    "ls" ...
    "mv" ...
    "mkdir" ...
    "pwd" ...
    "quit" ...
    "register" ...
    "rm" ...
    "rmf" ...
    "set" ...
    "illustrate" ...
    "run" ...
    "exec" ...
    "scriptDone" ...
    "" ...
    "" ...
    <EOL> ...
    ";" ...
    
	at org.apache.pig.tools.pigscript.parser.PigScriptParser.generateParseException(PigScriptParser.java:1180)
	at org.apache.pig.tools.pigscript.parser.PigScriptParser.handle_invalid_command(PigScriptParser.java:996)
	at org.apache.pig.tools.pigscript.parser.PigScriptParser.parse(PigScriptParser.java:557)
	at org.apache.pig.tools.grunt.GruntParser.parseStopOnError(GruntParser.java:194)
	at org.apache.pig.tools.grunt.GruntParser.parseStopOnError(GruntParser.java:170)
	at org.apache.pig.tools.grunt.Grunt.run(Grunt.java:69)
	at org.apache.pig.Main.run(Main.java:538)
	at org.apache.pig.Main.main(Main.java:157)
	at sun.reflect.NativeMethodAccessorImpl.invoke0(Native Method)
	at sun.reflect.NativeMethodAccessorImpl.invoke(NativeMethodAccessorImpl.java:57)
	at sun.reflect.DelegatingMethodAccessorImpl.invoke(DelegatingMethodAccessorImpl.java:43)
	at java.lang.reflect.Method.invoke(Method.java:606)
	at org.apache.hadoop.util.RunJar.main(RunJar.java:208)
================================================================================
Pig Stack Trace
---------------
ERROR 1000: Error during parsing. Encountered " <PATH> "$0 "" at line 4, column 6.
Was expecting:
    <IDENTIFIER> ...
    

org.apache.pig.tools.pigscript.parser.ParseException: Encountered " <PATH> "$0 "" at line 4, column 6.
Was expecting:
    <IDENTIFIER> ...
    
	at org.apache.pig.tools.pigscript.parser.PigScriptParser.generateParseException(PigScriptParser.java:1180)
	at org.apache.pig.tools.pigscript.parser.PigScriptParser.jj_consume_token(PigScriptParser.java:1109)
	at org.apache.pig.tools.pigscript.parser.PigScriptParser.parse(PigScriptParser.java:319)
	at org.apache.pig.tools.grunt.GruntParser.parseStopOnError(GruntParser.java:194)
	at org.apache.pig.tools.grunt.GruntParser.parseStopOnError(GruntParser.java:170)
	at org.apache.pig.tools.grunt.Grunt.run(Grunt.java:69)
	at org.apache.pig.Main.run(Main.java:538)
	at org.apache.pig.Main.main(Main.java:157)
	at sun.reflect.NativeMethodAccessorImpl.invoke0(Native Method)
	at sun.reflect.NativeMethodAccessorImpl.invoke(NativeMethodAccessorImpl.java:57)
	at sun.reflect.DelegatingMethodAccessorImpl.invoke(DelegatingMethodAccessorImpl.java:43)
	at java.lang.reflect.Method.invoke(Method.java:606)
	at org.apache.hadoop.util.RunJar.main(RunJar.java:208)
================================================================================
Pig Stack Trace
---------------
ERROR 1000: Error during parsing. Encountered " <PATH> "A.$0 "" at line 1, column 6.
Was expecting:
    <IDENTIFIER> ...
    

org.apache.pig.tools.pigscript.parser.ParseException: Encountered " <PATH> "A.$0 "" at line 1, column 6.
Was expecting:
    <IDENTIFIER> ...
    
	at org.apache.pig.tools.pigscript.parser.PigScriptParser.generateParseException(PigScriptParser.java:1180)
	at org.apache.pig.tools.pigscript.parser.PigScriptParser.jj_consume_token(PigScriptParser.java:1109)
	at org.apache.pig.tools.pigscript.parser.PigScriptParser.parse(PigScriptParser.java:319)
	at org.apache.pig.tools.grunt.GruntParser.parseStopOnError(GruntParser.java:194)
	at org.apache.pig.tools.grunt.GruntParser.parseStopOnError(GruntParser.java:170)
	at org.apache.pig.tools.grunt.Grunt.run(Grunt.java:69)
	at org.apache.pig.Main.run(Main.java:538)
	at org.apache.pig.Main.main(Main.java:157)
	at sun.reflect.NativeMethodAccessorImpl.invoke0(Native Method)
	at sun.reflect.NativeMethodAccessorImpl.invoke(NativeMethodAccessorImpl.java:57)
	at sun.reflect.DelegatingMethodAccessorImpl.invoke(DelegatingMethodAccessorImpl.java:43)
	at java.lang.reflect.Method.invoke(Method.java:606)
	at org.apache.hadoop.util.RunJar.main(RunJar.java:208)
================================================================================
Pig Stack Trace
---------------
ERROR 1200: <line 2, column 7>  mismatched input '.' expecting RIGHT_PAREN

Failed to parse: <line 2, column 7>  mismatched input '.' expecting RIGHT_PAREN
	at org.apache.pig.parser.QueryParserDriver.parse(QueryParserDriver.java:235)
	at org.apache.pig.parser.QueryParserDriver.parse(QueryParserDriver.java:177)
	at org.apache.pig.PigServer$Graph.validateQuery(PigServer.java:1572)
	at org.apache.pig.PigServer$Graph.registerQuery(PigServer.java:1545)
	at org.apache.pig.PigServer.registerQuery(PigServer.java:518)
	at org.apache.pig.tools.grunt.GruntParser.processPig(GruntParser.java:991)
	at org.apache.pig.tools.pigscript.parser.PigScriptParser.parse(PigScriptParser.java:412)
	at org.apache.pig.tools.grunt.GruntParser.parseStopOnError(GruntParser.java:194)
	at org.apache.pig.tools.grunt.GruntParser.parseStopOnError(GruntParser.java:170)
	at org.apache.pig.tools.grunt.Grunt.run(Grunt.java:69)
	at org.apache.pig.Main.run(Main.java:538)
	at org.apache.pig.Main.main(Main.java:157)
	at sun.reflect.NativeMethodAccessorImpl.invoke0(Native Method)
	at sun.reflect.NativeMethodAccessorImpl.invoke(NativeMethodAccessorImpl.java:57)
	at sun.reflect.DelegatingMethodAccessorImpl.invoke(DelegatingMethodAccessorImpl.java:43)
	at java.lang.reflect.Method.invoke(Method.java:606)
	at org.apache.hadoop.util.RunJar.main(RunJar.java:208)
================================================================================
Pig Stack Trace
---------------
ERROR 1200: <line 2, column 7>  mismatched input '.' expecting RIGHT_PAREN

Failed to parse: <line 2, column 7>  mismatched input '.' expecting RIGHT_PAREN
	at org.apache.pig.parser.QueryParserDriver.parse(QueryParserDriver.java:235)
	at org.apache.pig.parser.QueryParserDriver.parse(QueryParserDriver.java:177)
	at org.apache.pig.PigServer$Graph.validateQuery(PigServer.java:1572)
	at org.apache.pig.PigServer$Graph.registerQuery(PigServer.java:1545)
	at org.apache.pig.PigServer.registerQuery(PigServer.java:518)
	at org.apache.pig.tools.grunt.GruntParser.processPig(GruntParser.java:991)
	at org.apache.pig.tools.pigscript.parser.PigScriptParser.parse(PigScriptParser.java:412)
	at org.apache.pig.tools.grunt.GruntParser.parseStopOnError(GruntParser.java:194)
	at org.apache.pig.tools.grunt.GruntParser.parseStopOnError(GruntParser.java:170)
	at org.apache.pig.tools.grunt.Grunt.run(Grunt.java:69)
	at org.apache.pig.Main.run(Main.java:538)
	at org.apache.pig.Main.main(Main.java:157)
	at sun.reflect.NativeMethodAccessorImpl.invoke0(Native Method)
	at sun.reflect.NativeMethodAccessorImpl.invoke(NativeMethodAccessorImpl.java:57)
	at sun.reflect.DelegatingMethodAccessorImpl.invoke(DelegatingMethodAccessorImpl.java:43)
	at java.lang.reflect.Method.invoke(Method.java:606)
	at org.apache.hadoop.util.RunJar.main(RunJar.java:208)
================================================================================
