Pig Stack Trace
---------------
ERROR 1200: Pig script failed to parse: 
<file stream.pig, line 5, column 21> pig script failed to validate: Undefined command-alias [mystream]

org.apache.pig.impl.logicalLayer.FrontendException: ERROR 1000: Error during parsing. Pig script failed to parse: 
<file stream.pig, line 5, column 21> pig script failed to validate: Undefined command-alias [mystream]
	at org.apache.pig.PigServer$Graph.parseQuery(PigServer.java:1608)
	at org.apache.pig.PigServer$Graph.registerQuery(PigServer.java:1547)
	at org.apache.pig.PigServer.registerQuery(PigServer.java:518)
	at org.apache.pig.tools.grunt.GruntParser.processPig(GruntParser.java:991)
	at org.apache.pig.tools.pigscript.parser.PigScriptParser.parse(PigScriptParser.java:412)
	at org.apache.pig.tools.grunt.GruntParser.parseStopOnError(GruntParser.java:194)
	at org.apache.pig.tools.grunt.GruntParser.parseStopOnError(GruntParser.java:170)
	at org.apache.pig.tools.grunt.Grunt.exec(Grunt.java:84)
	at org.apache.pig.Main.run(Main.java:604)
	at org.apache.pig.Main.main(Main.java:157)
	at sun.reflect.NativeMethodAccessorImpl.invoke0(Native Method)
	at sun.reflect.NativeMethodAccessorImpl.invoke(NativeMethodAccessorImpl.java:57)
	at sun.reflect.DelegatingMethodAccessorImpl.invoke(DelegatingMethodAccessorImpl.java:43)
	at java.lang.reflect.Method.invoke(Method.java:606)
	at org.apache.hadoop.util.RunJar.main(RunJar.java:208)
Caused by: Failed to parse: Pig script failed to parse: 
<file stream.pig, line 5, column 21> pig script failed to validate: Undefined command-alias [mystream]
	at org.apache.pig.parser.QueryParserDriver.parse(QueryParserDriver.java:191)
	at org.apache.pig.PigServer$Graph.parseQuery(PigServer.java:1600)
	... 14 more
Caused by: 
<file stream.pig, line 5, column 21> pig script failed to validate: Undefined command-alias [mystream]
	at org.apache.pig.parser.LogicalPlanGenerator.stream_clause(LogicalPlanGenerator.java:16326)
	at org.apache.pig.parser.LogicalPlanGenerator.op_clause(LogicalPlanGenerator.java:1578)
	at org.apache.pig.parser.LogicalPlanGenerator.general_statement(LogicalPlanGenerator.java:798)
	at org.apache.pig.parser.LogicalPlanGenerator.statement(LogicalPlanGenerator.java:516)
	at org.apache.pig.parser.LogicalPlanGenerator.query(LogicalPlanGenerator.java:391)
	at org.apache.pig.parser.QueryParserDriver.parse(QueryParserDriver.java:184)
	... 15 more
================================================================================
