Pig Stack Trace
---------------
ERROR 1200: could not instantiate 'com.cloudwick.hadoop.pig.Encrypt' with arguments 'null'

org.apache.pig.impl.logicalLayer.FrontendException: ERROR 1000: Error during parsing. could not instantiate 'com.cloudwick.hadoop.pig.Encrypt' with arguments 'null'
	at org.apache.pig.PigServer$Graph.parseQuery(PigServer.java:1608)
	at org.apache.pig.PigServer$Graph.registerQuery(PigServer.java:1547)
	at org.apache.pig.PigServer.registerQuery(PigServer.java:518)
	at org.apache.pig.tools.grunt.GruntParser.processPig(GruntParser.java:991)
	at org.apache.pig.tools.pigscript.parser.PigScriptParser.parse(PigScriptParser.java:412)
	at org.apache.pig.tools.grunt.GruntParser.parseStopOnError(GruntParser.java:194)
	at org.apache.pig.tools.grunt.GruntParser.parseStopOnError(GruntParser.java:170)
	at org.apache.pig.tools.grunt.Grunt.exec(Grunt.java:84)
	at org.apache.pig.Main.run(Main.java:604)
	at org.apache.pig.Main.main(Main.java:157)
	at sun.reflect.NativeMethodAccessorImpl.invoke0(Native Method)
	at sun.reflect.NativeMethodAccessorImpl.invoke(NativeMethodAccessorImpl.java:57)
	at sun.reflect.DelegatingMethodAccessorImpl.invoke(DelegatingMethodAccessorImpl.java:43)
	at java.lang.reflect.Method.invoke(Method.java:606)
	at org.apache.hadoop.util.RunJar.main(RunJar.java:208)
Caused by: Failed to parse: could not instantiate 'com.cloudwick.hadoop.pig.Encrypt' with arguments 'null'
	at org.apache.pig.parser.QueryParserDriver.parse(QueryParserDriver.java:193)
	at org.apache.pig.PigServer$Graph.parseQuery(PigServer.java:1600)
	... 14 more
Caused by: java.lang.RuntimeException: could not instantiate 'com.cloudwick.hadoop.pig.Encrypt' with arguments 'null'
	at org.apache.pig.impl.PigContext.instantiateFuncFromSpec(PigContext.java:618)
	at org.apache.pig.newplan.logical.expression.UserFuncExpression.getFieldSchema(UserFuncExpression.java:193)
	at org.apache.pig.newplan.logical.optimizer.FieldSchemaResetter.execute(SchemaResetter.java:264)
	at org.apache.pig.newplan.logical.expression.AllSameExpressionVisitor.visit(AllSameExpressionVisitor.java:143)
	at org.apache.pig.newplan.logical.expression.UserFuncExpression.accept(UserFuncExpression.java:88)
	at org.apache.pig.newplan.ReverseDependencyOrderWalker.walk(ReverseDependencyOrderWalker.java:70)
	at org.apache.pig.newplan.PlanVisitor.visit(PlanVisitor.java:52)
	at org.apache.pig.newplan.logical.optimizer.SchemaResetter.visitAll(SchemaResetter.java:67)
	at org.apache.pig.newplan.logical.optimizer.SchemaResetter.visit(SchemaResetter.java:122)
	at org.apache.pig.newplan.logical.relational.LOGenerate.accept(LOGenerate.java:246)
	at org.apache.pig.newplan.DependencyOrderWalker.walk(DependencyOrderWalker.java:75)
	at org.apache.pig.newplan.logical.optimizer.SchemaResetter.visit(SchemaResetter.java:114)
	at org.apache.pig.newplan.logical.relational.LOForEach.accept(LOForEach.java:76)
	at org.apache.pig.newplan.DependencyOrderWalker.walk(DependencyOrderWalker.java:75)
	at org.apache.pig.newplan.PlanVisitor.visit(PlanVisitor.java:52)
	at org.apache.pig.parser.LogicalPlanBuilder.expandAndResetVisitor(LogicalPlanBuilder.java:392)
	at org.apache.pig.parser.LogicalPlanBuilder.buildForeachOp(LogicalPlanBuilder.java:924)
	at org.apache.pig.parser.LogicalPlanGenerator.foreach_clause(LogicalPlanGenerator.java:14194)
	at org.apache.pig.parser.LogicalPlanGenerator.op_clause(LogicalPlanGenerator.java:1622)
	at org.apache.pig.parser.LogicalPlanGenerator.general_statement(LogicalPlanGenerator.java:798)
	at org.apache.pig.parser.LogicalPlanGenerator.statement(LogicalPlanGenerator.java:516)
	at org.apache.pig.parser.LogicalPlanGenerator.query(LogicalPlanGenerator.java:391)
	at org.apache.pig.parser.QueryParserDriver.parse(QueryParserDriver.java:184)
	... 15 more
Caused by: java.lang.RuntimeException: class com.cloudwick.hadoop.pig.Encryptextends the raw type EvalFunc. It should extend the parameterized type EvalFunc<T> instead.
	at org.apache.pig.EvalFunc.<init>(EvalFunc.java:138)
	at com.cloudwick.hadoop.pig.Encrypt.<init>(Encrypt.java:8)
	at sun.reflect.NativeConstructorAccessorImpl.newInstance0(Native Method)
	at sun.reflect.NativeConstructorAccessorImpl.newInstance(NativeConstructorAccessorImpl.java:57)
	at sun.reflect.DelegatingConstructorAccessorImpl.newInstance(DelegatingConstructorAccessorImpl.java:45)
	at java.lang.reflect.Constructor.newInstance(Constructor.java:526)
	at java.lang.Class.newInstance(Class.java:379)
	at org.apache.pig.impl.PigContext.instantiateFuncFromSpec(PigContext.java:588)
	... 37 more
================================================================================
