Pig Stack Trace
---------------
ERROR 101: file '/home/hadoop/fl.jar' does not exist.

org.apache.pig.backend.executionengine.ExecException: ERROR 101: file '/home/hadoop/fl.jar' does not exist.
	at org.apache.pig.impl.io.FileLocalizer.fetchFilesInternal(FileLocalizer.java:794)
	at org.apache.pig.impl.io.FileLocalizer.fetchFiles(FileLocalizer.java:746)
	at org.apache.pig.PigServer.registerJar(PigServer.java:460)
	at org.apache.pig.tools.grunt.GruntParser.processRegister(GruntParser.java:433)
	at org.apache.pig.tools.pigscript.parser.PigScriptParser.parse(PigScriptParser.java:445)
	at org.apache.pig.tools.grunt.GruntParser.parseStopOnError(GruntParser.java:194)
	at org.apache.pig.tools.grunt.GruntParser.parseStopOnError(GruntParser.java:170)
	at org.apache.pig.tools.grunt.Grunt.exec(Grunt.java:84)
	at org.apache.pig.Main.run(Main.java:604)
	at org.apache.pig.Main.main(Main.java:157)
	at sun.reflect.NativeMethodAccessorImpl.invoke0(Native Method)
	at sun.reflect.NativeMethodAccessorImpl.invoke(NativeMethodAccessorImpl.java:57)
	at sun.reflect.DelegatingMethodAccessorImpl.invoke(DelegatingMethodAccessorImpl.java:43)
	at java.lang.reflect.Method.invoke(Method.java:606)
	at org.apache.hadoop.util.RunJar.main(RunJar.java:208)
================================================================================
