Pig Stack Trace
---------------
ERROR 6007: Unable to check name hdfs://192.168.1.209:8020/user/hadoop

org.apache.pig.impl.logicalLayer.FrontendException: ERROR 1000: Error during parsing. Unable to check name hdfs://192.168.1.209:8020/user/hadoop
	at org.apache.pig.PigServer$Graph.parseQuery(PigServer.java:1608)
	at org.apache.pig.PigServer$Graph.registerQuery(PigServer.java:1547)
	at org.apache.pig.PigServer.registerQuery(PigServer.java:518)
	at org.apache.pig.tools.grunt.GruntParser.processPig(GruntParser.java:991)
	at org.apache.pig.tools.pigscript.parser.PigScriptParser.parse(PigScriptParser.java:412)
	at org.apache.pig.tools.grunt.GruntParser.parseStopOnError(GruntParser.java:194)
	at org.apache.pig.tools.grunt.GruntParser.parseStopOnError(GruntParser.java:170)
	at org.apache.pig.tools.grunt.Grunt.exec(Grunt.java:84)
	at org.apache.pig.Main.run(Main.java:604)
	at org.apache.pig.Main.main(Main.java:157)
	at sun.reflect.NativeMethodAccessorImpl.invoke0(Native Method)
	at sun.reflect.NativeMethodAccessorImpl.invoke(NativeMethodAccessorImpl.java:57)
	at sun.reflect.DelegatingMethodAccessorImpl.invoke(DelegatingMethodAccessorImpl.java:43)
	at java.lang.reflect.Method.invoke(Method.java:606)
	at org.apache.hadoop.util.RunJar.main(RunJar.java:208)
Caused by: Failed to parse: Pig script failed to parse: 
<file script3.pig, line 5, column 4> pig script failed to validate: org.apache.pig.backend.datastorage.DataStorageException: ERROR 6007: Unable to check name hdfs://192.168.1.209:8020/user/hadoop
	at org.apache.pig.parser.QueryParserDriver.parse(QueryParserDriver.java:191)
	at org.apache.pig.PigServer$Graph.parseQuery(PigServer.java:1600)
	... 14 more
Caused by: 
<file script3.pig, line 5, column 4> pig script failed to validate: org.apache.pig.backend.datastorage.DataStorageException: ERROR 6007: Unable to check name hdfs://192.168.1.209:8020/user/hadoop
	at org.apache.pig.parser.LogicalPlanBuilder.buildLoadOp(LogicalPlanBuilder.java:835)
	at org.apache.pig.parser.LogicalPlanGenerator.load_clause(LogicalPlanGenerator.java:3235)
	at org.apache.pig.parser.LogicalPlanGenerator.op_clause(LogicalPlanGenerator.java:1314)
	at org.apache.pig.parser.LogicalPlanGenerator.general_statement(LogicalPlanGenerator.java:798)
	at org.apache.pig.parser.LogicalPlanGenerator.statement(LogicalPlanGenerator.java:516)
	at org.apache.pig.parser.LogicalPlanGenerator.query(LogicalPlanGenerator.java:391)
	at org.apache.pig.parser.QueryParserDriver.parse(QueryParserDriver.java:184)
	... 15 more
Caused by: org.apache.pig.backend.datastorage.DataStorageException: ERROR 6007: Unable to check name hdfs://192.168.1.209:8020/user/hadoop
	at org.apache.pig.backend.hadoop.datastorage.HDataStorage.isContainer(HDataStorage.java:207)
	at org.apache.pig.backend.hadoop.datastorage.HDataStorage.asElement(HDataStorage.java:128)
	at org.apache.pig.backend.hadoop.datastorage.HDataStorage.asElement(HDataStorage.java:138)
	at org.apache.pig.parser.QueryParserUtils.getCurrentDir(QueryParserUtils.java:91)
	at org.apache.pig.parser.LogicalPlanBuilder.buildLoadOp(LogicalPlanBuilder.java:827)
	... 21 more
Caused by: java.io.IOException: Failed on local exception: java.io.InterruptedIOException: Interruped while waiting for IO on channel java.nio.channels.SocketChannel[connected local=/192.168.1.70:58699 remote=/192.168.1.209:8020]. 59849 millis timeout left.; Host Details : local host is: "client/192.168.1.70"; destination host is: "master":8020; 
	at org.apache.hadoop.net.NetUtils.wrapException(NetUtils.java:763)
	at org.apache.hadoop.ipc.Client.call(Client.java:1242)
	at org.apache.hadoop.ipc.ProtobufRpcEngine$Invoker.invoke(ProtobufRpcEngine.java:202)
	at com.sun.proxy.$Proxy7.getFileInfo(Unknown Source)
	at sun.reflect.NativeMethodAccessorImpl.invoke0(Native Method)
	at sun.reflect.NativeMethodAccessorImpl.invoke(NativeMethodAccessorImpl.java:57)
	at sun.reflect.DelegatingMethodAccessorImpl.invoke(DelegatingMethodAccessorImpl.java:43)
	at java.lang.reflect.Method.invoke(Method.java:606)
	at org.apache.hadoop.io.retry.RetryInvocationHandler.invokeMethod(RetryInvocationHandler.java:164)
	at org.apache.hadoop.io.retry.RetryInvocationHandler.invoke(RetryInvocationHandler.java:83)
	at com.sun.proxy.$Proxy7.getFileInfo(Unknown Source)
	at org.apache.hadoop.hdfs.protocolPB.ClientNamenodeProtocolTranslatorPB.getFileInfo(ClientNamenodeProtocolTranslatorPB.java:629)
	at org.apache.hadoop.hdfs.DFSClient.getFileInfo(DFSClient.java:1545)
	at org.apache.hadoop.hdfs.DistributedFileSystem.getFileStatus(DistributedFileSystem.java:820)
	at org.apache.hadoop.fs.FileSystem.exists(FileSystem.java:1380)
	at org.apache.pig.backend.hadoop.datastorage.HDataStorage.isContainer(HDataStorage.java:200)
	... 25 more
Caused by: java.io.InterruptedIOException: Interruped while waiting for IO on channel java.nio.channels.SocketChannel[connected local=/192.168.1.70:58699 remote=/192.168.1.209:8020]. 59849 millis timeout left.
	at org.apache.hadoop.net.SocketIOWithTimeout$SelectorPool.select(SocketIOWithTimeout.java:353)
	at org.apache.hadoop.net.SocketIOWithTimeout.doIO(SocketIOWithTimeout.java:158)
	at org.apache.hadoop.net.SocketInputStream.read(SocketInputStream.java:156)
	at org.apache.hadoop.net.SocketInputStream.read(SocketInputStream.java:129)
	at java.io.FilterInputStream.read(FilterInputStream.java:133)
	at java.io.FilterInputStream.read(FilterInputStream.java:133)
	at org.apache.hadoop.ipc.Client$Connection$PingInputStream.read(Client.java:420)
	at java.io.BufferedInputStream.fill(BufferedInputStream.java:235)
	at java.io.BufferedInputStream.read(BufferedInputStream.java:254)
	at java.io.FilterInputStream.read(FilterInputStream.java:83)
	at com.google.protobuf.AbstractMessageLite$Builder.mergeDelimitedFrom(AbstractMessageLite.java:276)
	at com.google.protobuf.AbstractMessage$Builder.mergeDelimitedFrom(AbstractMessage.java:760)
	at com.google.protobuf.AbstractMessageLite$Builder.mergeDelimitedFrom(AbstractMessageLite.java:288)
	at com.google.protobuf.AbstractMessage$Builder.mergeDelimitedFrom(AbstractMessage.java:752)
	at org.apache.hadoop.ipc.protobuf.RpcPayloadHeaderProtos$RpcResponseHeaderProto.parseDelimitedFrom(RpcPayloadHeaderProtos.java:985)
	at org.apache.hadoop.ipc.Client$Connection.receiveResponse(Client.java:949)
	at org.apache.hadoop.ipc.Client$Connection.run(Client.java:847)
================================================================================
